{"/Users/coltskeen/Galvanize/Class_Work/interview_problems/problem6-linkedList.js": {"path":"/Users/coltskeen/Galvanize/Class_Work/interview_problems/problem6-linkedList.js","statementMap":{"0":{"start":{"line":16,"column":8},"end":{"line":16,"column":25}},"1":{"start":{"line":17,"column":8},"end":{"line":17,"column":22}},"2":{"start":{"line":21,"column":8},"end":{"line":21,"column":25}},"3":{"start":{"line":27,"column":24},"end":{"line":27,"column":49}},"4":{"start":{"line":28,"column":8},"end":{"line":28,"column":28}},"5":{"start":{"line":29,"column":8},"end":{"line":29,"column":20}},"6":{"start":{"line":33,"column":8},"end":{"line":33,"column":35}},"7":{"start":{"line":34,"column":8},"end":{"line":34,"column":20}},"8":{"start":{"line":38,"column":21},"end":{"line":38,"column":23}},"9":{"start":{"line":39,"column":22},"end":{"line":39,"column":31}},"10":{"start":{"line":40,"column":8},"end":{"line":43,"column":9}},"11":{"start":{"line":41,"column":12},"end":{"line":41,"column":52}},"12":{"start":{"line":42,"column":12},"end":{"line":42,"column":34}},"13":{"start":{"line":44,"column":8},"end":{"line":44,"column":36}},"14":{"start":{"line":50,"column":8},"end":{"line":50,"column":26}},"15":{"start":{"line":51,"column":8},"end":{"line":51,"column":24}},"16":{"start":{"line":55,"column":0},"end":{"line":55,"column":28}}},"fnMap":{"0":{"name":"(anonymous_0)","decl":{"start":{"line":15,"column":4},"end":{"line":15,"column":5}},"loc":{"start":{"line":15,"column":18},"end":{"line":18,"column":5}},"line":15},"1":{"name":"(anonymous_1)","decl":{"start":{"line":20,"column":4},"end":{"line":20,"column":5}},"loc":{"start":{"line":20,"column":11},"end":{"line":22,"column":5}},"line":20},"2":{"name":"(anonymous_2)","decl":{"start":{"line":24,"column":4},"end":{"line":24,"column":5}},"loc":{"start":{"line":24,"column":18},"end":{"line":30,"column":5}},"line":24},"3":{"name":"(anonymous_3)","decl":{"start":{"line":32,"column":4},"end":{"line":32,"column":5}},"loc":{"start":{"line":32,"column":13},"end":{"line":35,"column":5}},"line":32},"4":{"name":"(anonymous_4)","decl":{"start":{"line":37,"column":4},"end":{"line":37,"column":5}},"loc":{"start":{"line":37,"column":12},"end":{"line":45,"column":5}},"line":37},"5":{"name":"(anonymous_5)","decl":{"start":{"line":49,"column":4},"end":{"line":49,"column":5}},"loc":{"start":{"line":49,"column":29},"end":{"line":52,"column":5}},"line":49}},"branchMap":{},"s":{"0":3,"1":3,"2":0,"3":6,"4":6,"5":6,"6":1,"7":1,"8":0,"9":0,"10":0,"11":0,"12":0,"13":0,"14":6,"15":6,"16":1},"f":{"0":3,"1":0,"2":6,"3":1,"4":0,"5":6},"b":{},"_coverageSchema":"1a1c01bbd47fc00a2c39e90264f33305004495a9","hash":"ee18bd06aa5717746ec486a2eb658c1ac724c153"}
}
